warning: unused imports: `Context`, `anyhow`
 --> aptos-move/framework/src/docgen.rs:4:14
  |
4 | use anyhow::{anyhow, Context, Ok};
  |              ^^^^^^  ^^^^^^^
  |
  = note: `#[warn(unused_imports)]` on by default

warning: unused imports: `ColorChoice`, `StandardStream`, `diagnostic::Severity`
 --> aptos-move/framework/src/docgen.rs:6:5
  |
6 |     diagnostic::Severity,
  |     ^^^^^^^^^^^^^^^^^^^^
7 |     term::termcolor::{ColorChoice, StandardStream},
  |                       ^^^^^^^^^^^  ^^^^^^^^^^^^^^

warning: unused imports: `path::PathBuf`, `sync::Mutex`
  --> aptos-move/framework/src/docgen.rs:10:11
   |
10 | use std::{path::PathBuf, sync::Mutex};
   |           ^^^^^^^^^^^^^  ^^^^^^^^^^^

warning: `aptos-framework` (lib) generated 3 warnings (run `cargo fix --lib -p aptos-framework` to apply 3 suggestions)
warning: unused variable: `error_type`
  --> aptos-move/aptos-vm/src/testing.rs:11:42
   |
11 | pub(crate) fn maybe_raise_injected_error(error_type: InjectedError) -> VMResult<()> {
   |                                          ^^^^^^^^^^ help: if this is intentional, prefix it with an underscore: `_error_type`
   |
   = note: `#[warn(unused_variables)]` on by default

warning: `aptos-vm` (lib) generated 1 warning (run `cargo fix --lib -p aptos-vm` to apply 1 suggestion)
warning: `aptos-framework` (lib) generated 3 warnings (3 duplicates)
    Finished dev [unoptimized + debuginfo] target(s) in 0.93s
     Running `target/debug/aptos-node --test`
WARNING: Entering test mode! This should never be used in production!
Completed generating configuration:
	Log file: "/tmp/525e0c6e104caa6ec1b982eb7bf0ba26/validator.log"
	Test dir: "/tmp/525e0c6e104caa6ec1b982eb7bf0ba26"
	Aptos root key path: "/tmp/525e0c6e104caa6ec1b982eb7bf0ba26/mint.key"
	Waypoint: 0:ff815a2c4a6e2292976dde7b5d2461070722870ffcd0663c6bca2c3d265c95dd
	ChainId: testing
	REST API endpoint: http://0.0.0.0:8080
	Metrics endpoint: http://0.0.0.0:9101/metrics
	Aptosnet fullnode network endpoint: /ip4/0.0.0.0/tcp/6181

Aptos is running, press ctrl-c to exit

details = "panicked at 'error binding to 0.0.0.0:9101: error creating server listener: Address already in use (os error 98)', /home/ubuntu/.cargo/registry/src/index.crates.io-6f17d22bba15001f/hyper-0.14.27/src/server/server.rs:79:13"
backtrace = """
   0:     0x560c2176ca2b - backtrace::backtrace::libunwind::trace::hd4f975b3cd482846
                               at /home/ubuntu/.cargo/registry/src/index.crates.io-6f17d22bba15001f/backtrace-0.3.69/src/backtrace/libunwind.rs:93:5
                           backtrace::backtrace::trace_unsynchronized::hcc5fe755e69b9ab3
                               at /home/ubuntu/.cargo/registry/src/index.crates.io-6f17d22bba15001f/backtrace-0.3.69/src/backtrace/mod.rs:66:5
   1:     0x560c2176c9b2 - backtrace::backtrace::trace::h919be4ab848dd0f2
                               at /home/ubuntu/.cargo/registry/src/index.crates.io-6f17d22bba15001f/backtrace-0.3.69/src/backtrace/mod.rs:53:14
   2:     0x560c217d0723 - backtrace::capture::Backtrace::create::h604b6b39c9b562b9
                               at /home/ubuntu/.cargo/registry/src/index.crates.io-6f17d22bba15001f/backtrace-0.3.69/src/capture.rs:176:9
   3:     0x560c217d0644 - backtrace::capture::Backtrace::new::ha4e99115efb61225
                               at /home/ubuntu/.cargo/registry/src/index.crates.io-6f17d22bba15001f/backtrace-0.3.69/src/capture.rs:140:22
   4:     0x560c1cf8ec7d - aptos_crash_handler::handle_panic::hd6456ee5c06a6cf4
                               at /home/ubuntu/winless/move-me2/crates/crash-handler/src/lib.rs:37:38
   5:     0x560c1cf8fb90 - aptos_crash_handler::setup_panic_handler::{{closure}}::hdf4b287c9a865d3a
                               at /home/ubuntu/winless/move-me2/crates/crash-handler/src/lib.rs:29:9
   6:     0x560c21bfc2cd - <alloc::boxed::Box<F,A> as core::ops::function::Fn<Args>>::call::ha1f76bdae3c27ab6
                               at /rustc/eb26296b556cef10fb713a38f3d16b9886080f26/library/alloc/src/boxed.rs:1999:9
                           std::panicking::rust_panic_with_hook::h45f66047b14c555c
                               at /rustc/eb26296b556cef10fb713a38f3d16b9886080f26/library/std/src/panicking.rs:709:13
   7:     0x560c21bfc067 - std::panicking::begin_panic_handler::{{closure}}::h49d1a88ef0908eb4
                               at /rustc/eb26296b556cef10fb713a38f3d16b9886080f26/library/std/src/panicking.rs:597:13
   8:     0x560c21bfabb6 - std::sys_common::backtrace::__rust_end_short_backtrace::hccebf9e57f8cc425
                               at /rustc/eb26296b556cef10fb713a38f3d16b9886080f26/library/std/src/sys_common/backtrace.rs:151:18
   9:     0x560c21bfbdb2 - rust_begin_unwind
                               at /rustc/eb26296b556cef10fb713a38f3d16b9886080f26/library/std/src/panicking.rs:593:5
  10:     0x560c21c23e53 - core::panicking::panic_fmt::h54ec9d0e3180a83d
                               at /rustc/eb26296b556cef10fb713a38f3d16b9886080f26/library/core/src/panicking.rs:67:14
  11:     0x560c208f73e7 - hyper::server::server::Server<hyper::server::tcp::AddrIncoming,()>::bind::{{closure}}::h12a18f53893a52f3
                               at /home/ubuntu/.cargo/registry/src/index.crates.io-6f17d22bba15001f/hyper-0.14.27/src/server/server.rs:79:13
  12:     0x560c208e8984 - core::result::Result<T,E>::unwrap_or_else::h3ea7fd0779ee8f0a
                               at /rustc/eb26296b556cef10fb713a38f3d16b9886080f26/library/core/src/result.rs:1428:23
  13:     0x560c208f727c - hyper::server::server::Server<hyper::server::tcp::AddrIncoming,()>::bind::hea01e94334f0a9e6
                               at /home/ubuntu/.cargo/registry/src/index.crates.io-6f17d22bba15001f/hyper-0.14.27/src/server/server.rs:78:24
  14:     0x560c1d06e14c - aptos_inspection_service::server::start_inspection_service::{{closure}}::{{closure}}::hec6b0d8ad1fdcfde
                               at /home/ubuntu/winless/move-me2/crates/aptos-inspection-service/src/server/mod.rs:85:30
  15:     0x560c1d095136 - tokio::runtime::park::CachedParkThread::block_on::{{closure}}::h349bfea7696fefdb
                               at /home/ubuntu/.cargo/registry/src/index.crates.io-6f17d22bba15001f/tokio-1.32.0/src/runtime/park.rs:282:63
  16:     0x560c1d094f60 - tokio::runtime::coop::with_budget::h59819c6a8fd002bd
                               at /home/ubuntu/.cargo/registry/src/index.crates.io-6f17d22bba15001f/tokio-1.32.0/src/runtime/coop.rs:107:5
                           tokio::runtime::coop::budget::h5dd8fa6c9106353e
                               at /home/ubuntu/.cargo/registry/src/index.crates.io-6f17d22bba15001f/tokio-1.32.0/src/runtime/coop.rs:73:5
                           tokio::runtime::park::CachedParkThread::block_on::hcdbfd7d9c6e7ad7b
                               at /home/ubuntu/.cargo/registry/src/index.crates.io-6f17d22bba15001f/tokio-1.32.0/src/runtime/park.rs:282:31
  17:     0x560c1d0946cf - tokio::runtime::context::blocking::BlockingRegionGuard::block_on::h6f4253b81fd99ece
                               at /home/ubuntu/.cargo/registry/src/index.crates.io-6f17d22bba15001f/tokio-1.32.0/src/runtime/context/blocking.rs:66:9
  18:     0x560c1d0c737f - tokio::runtime::scheduler::multi_thread::MultiThread::block_on::{{closure}}::h80457c0dedec56ed
                               at /home/ubuntu/.cargo/registry/src/index.crates.io-6f17d22bba15001f/tokio-1.32.0/src/runtime/scheduler/multi_thread/mod.rs:87:13
  19:     0x560c1d093cbe - tokio::runtime::context::runtime::enter_runtime::h6461db0e12d73fcb
                               at /home/ubuntu/.cargo/registry/src/index.crates.io-6f17d22bba15001f/tokio-1.32.0/src/runtime/context/runtime.rs:65:16
  20:     0x560c1d0c730a - tokio::runtime::scheduler::multi_thread::MultiThread::block_on::h8dfa258809f26c55
                               at /home/ubuntu/.cargo/registry/src/index.crates.io-6f17d22bba15001f/tokio-1.32.0/src/runtime/scheduler/multi_thread/mod.rs:86:9
  21:     0x560c1d08aef2 - tokio::runtime::runtime::Runtime::block_on::h9a2029c8be42cab5
                               at /home/ubuntu/.cargo/registry/src/index.crates.io-6f17d22bba15001f/tokio-1.32.0/src/runtime/runtime.rs:349:45
  22:     0x560c1d06dc2f - aptos_inspection_service::server::start_inspection_service::{{closure}}::h6671acd973ad13ba
                               at /home/ubuntu/winless/move-me2/crates/aptos-inspection-service/src/server/mod.rs:83:9
  23:     0x560c1d06d97d - std::sys_common::backtrace::__rust_begin_short_backtrace::hc1f3fe28516aab3c
                               at /rustc/eb26296b556cef10fb713a38f3d16b9886080f26/library/std/src/sys_common/backtrace.rs:135:18
  24:     0x560c1d068aeb - std::thread::Builder::spawn_unchecked_::{{closure}}::{{closure}}::hba7a3b0fcd60d8f0
                               at /rustc/eb26296b556cef10fb713a38f3d16b9886080f26/library/std/src/thread/mod.rs:529:17
  25:     0x560c1d0b59cb - <core::panic::unwind_safe::AssertUnwindSafe<F> as core::ops::function::FnOnce<()>>::call_once::h1d61aee7f7b84baf
                               at /rustc/eb26296b556cef10fb713a38f3d16b9886080f26/library/core/src/panic/unwind_safe.rs:271:9
  26:     0x560c1d06b70f - std::panicking::try::do_call::hb72fc00b97a416c8
                               at /rustc/eb26296b556cef10fb713a38f3d16b9886080f26/library/std/src/panicking.rs:500:40
  27:     0x560c1d06d94d - __rust_try
  28:     0x560c1d069f3a - std::panicking::try::ha8b8602e16e5981c
                               at /rustc/eb26296b556cef10fb713a38f3d16b9886080f26/library/std/src/panicking.rs:464:19
  29:     0x560c1d06890c - std::panic::catch_unwind::hcdd9814f6c7c18a2
                               at /rustc/eb26296b556cef10fb713a38f3d16b9886080f26/library/std/src/panic.rs:142:14
                           std::thread::Builder::spawn_unchecked_::{{closure}}::hc67ee06b3e632bdf
                               at /rustc/eb26296b556cef10fb713a38f3d16b9886080f26/library/std/src/thread/mod.rs:528:30
  30:     0x560c1d09b3a2 - core::ops::function::FnOnce::call_once{{vtable.shim}}::hd0b7bdbc8e6ca9dd
                               at /rustc/eb26296b556cef10fb713a38f3d16b9886080f26/library/core/src/ops/function.rs:250:5
  31:     0x560c21bffaf5 - <alloc::boxed::Box<F,A> as core::ops::function::FnOnce<Args>>::call_once::he3e5dbdfabe0b668
                               at /rustc/eb26296b556cef10fb713a38f3d16b9886080f26/library/alloc/src/boxed.rs:1985:9
                           <alloc::boxed::Box<F,A> as core::ops::function::FnOnce<Args>>::call_once::h246f7c7964633611
                               at /rustc/eb26296b556cef10fb713a38f3d16b9886080f26/library/alloc/src/boxed.rs:1985:9
                           std::sys::unix::thread::Thread::new::thread_start::hadf9e3501ff0df23
                               at /rustc/eb26296b556cef10fb713a38f3d16b9886080f26/library/std/src/sys/unix/thread.rs:108:17
  32:     0x7fe175294ac3 - <unknown>
  33:     0x7fe175326660 - <unknown>
  34:                0x0 - <unknown>
"""

details = "panicked at 'error binding to 127.0.0.1:6186: error creating server listener: Address already in use (os error 98)', /home/ubuntu/.cargo/registry/src/index.crates.io-6f17d22bba15001f/warp-0.3.6/src/server.rs:217:27"
backtrace = """
   0:     0x560c2176ca2b - backtrace::backtrace::libunwind::trace::hd4f975b3cd482846
                               at /home/ubuntu/.cargo/registry/src/index.crates.io-6f17d22bba15001f/backtrace-0.3.69/src/backtrace/libunwind.rs:93:5
                           backtrace::backtrace::trace_unsynchronized::hcc5fe755e69b9ab3
                               at /home/ubuntu/.cargo/registry/src/index.crates.io-6f17d22bba15001f/backtrace-0.3.69/src/backtrace/mod.rs:66:5
   1:     0x560c2176c9b2 - backtrace::backtrace::trace::h919be4ab848dd0f2
                               at /home/ubuntu/.cargo/registry/src/index.crates.io-6f17d22bba15001f/backtrace-0.3.69/src/backtrace/mod.rs:53:14
   2:     0x560c217d0723 - backtrace::capture::Backtrace::create::h604b6b39c9b562b9
                               at /home/ubuntu/.cargo/registry/src/index.crates.io-6f17d22bba15001f/backtrace-0.3.69/src/capture.rs:176:9
   3:     0x560c217d0644 - backtrace::capture::Backtrace::new::ha4e99115efb61225
                               at /home/ubuntu/.cargo/registry/src/index.crates.io-6f17d22bba15001f/backtrace-0.3.69/src/capture.rs:140:22
   4:     0x560c1cf8ec7d - aptos_crash_handler::handle_panic::hd6456ee5c06a6cf4
                               at /home/ubuntu/winless/move-me2/crates/crash-handler/src/lib.rs:37:38
   5:     0x560c1cf8fb90 - aptos_crash_handler::setup_panic_handler::{{closure}}::hdf4b287c9a865d3a
                               at /home/ubuntu/winless/move-me2/crates/crash-handler/src/lib.rs:29:9
   6:     0x560c21bfc2cd - <alloc::boxed::Box<F,A> as core::ops::function::Fn<Args>>::call::ha1f76bdae3c27ab6
                               at /rustc/eb26296b556cef10fb713a38f3d16b9886080f26/library/alloc/src/boxed.rs:1999:9
                           std::panicking::rust_panic_with_hook::h45f66047b14c555c
                               at /rustc/eb26296b556cef10fb713a38f3d16b9886080f26/library/std/src/panicking.rs:709:13
   7:     0x560c21bfc067 - std::panicking::begin_panic_handler::{{closure}}::h49d1a88ef0908eb4
                               at /rustc/eb26296b556cef10fb713a38f3d16b9886080f26/library/std/src/panicking.rs:597:13
   8:     0x560c21bfabb6 - std::sys_common::backtrace::__rust_end_short_backtrace::hccebf9e57f8cc425
                               at /rustc/eb26296b556cef10fb713a38f3d16b9886080f26/library/std/src/sys_common/backtrace.rs:151:18
   9:     0x560c21bfbdb2 - rust_begin_unwind
                               at /rustc/eb26296b556cef10fb713a38f3d16b9886080f26/library/std/src/panicking.rs:593:5
  10:     0x560c21c23e53 - core::panicking::panic_fmt::h54ec9d0e3180a83d
                               at /rustc/eb26296b556cef10fb713a38f3d16b9886080f26/library/core/src/panicking.rs:67:14
  11:     0x560c1d317fe7 - warp::server::Server<F>::bind_ephemeral::{{closure}}::h25aff480807400d0
                               at /home/ubuntu/.cargo/registry/src/index.crates.io-6f17d22bba15001f/warp-0.3.6/src/server.rs:100:13
  12:     0x560c1d319a65 - core::result::Result<T,E>::unwrap_or_else::hbcff3c9ca02e3efb
                               at /rustc/eb26296b556cef10fb713a38f3d16b9886080f26/library/core/src/result.rs:1428:23
  13:     0x560c1d317d56 - warp::server::Server<F>::bind_ephemeral::h5eb46ddddef3b118
                               at /home/ubuntu/.cargo/registry/src/index.crates.io-6f17d22bba15001f/warp-0.3.6/src/server.rs:217:27
  14:     0x560c1d319546 - warp::server::Server<F>::bind::he1d38c0ee177f5bf
                               at /home/ubuntu/.cargo/registry/src/index.crates.io-6f17d22bba15001f/warp-0.3.6/src/server.rs:178:24
  15:     0x560c1d317739 - aptos_backup_service::start_backup_service::hf41270ecf7c15b87
                               at /home/ubuntu/winless/move-me2/storage/backup/backup-service/src/lib.rs:27:18
  16:     0x560c1cee9027 - aptos_node::storage::bootstrap_db::h4390c83cd7419d8a
                               at /home/ubuntu/winless/move-me2/aptos-node/src/storage.rs:23:29
  17:     0x560c1cee94b1 - aptos_node::storage::initialize_database_and_checkpoints::h384cda9fcb847196
                               at /home/ubuntu/winless/move-me2/aptos-node/src/storage.rs:110:9
  18:     0x560c1cc467c8 - aptos_node::setup_environment_and_start_node::hd881b257faa528c1
                               at /home/ubuntu/winless/move-me2/aptos-node/src/lib.rs:471:9
  19:     0x560c1cc4544c - aptos_node::start::h4b40e3affeb12b72
                               at /home/ubuntu/winless/move-me2/aptos-node/src/lib.rs:216:9
  20:     0x560c1ce2605a - aptos_node::setup_test_environment_and_start_node::hc2a77c611bc26e05
                               at /home/ubuntu/winless/move-me2/aptos-node/src/lib.rs:334:5
  21:     0x560c1cc44b75 - aptos_node::AptosNodeArgs::run::hfbbfcf4cf5443599
                               at /home/ubuntu/winless/move-me2/aptos-node/src/lib.rs:123:13
  22:     0x560c1c808356 - aptos_node::main::hb026f470c26faf2e
                               at /home/ubuntu/winless/move-me2/aptos-node/src/main.rs:19:5
  23:     0x560c1c808dde - core::ops::function::FnOnce::call_once::haf2eaded9c32f602
                               at /rustc/eb26296b556cef10fb713a38f3d16b9886080f26/library/core/src/ops/function.rs:250:5
  24:     0x560c1c808e81 - std::sys_common::backtrace::__rust_begin_short_backtrace::h9674d533dc2aaa08
                               at /rustc/eb26296b556cef10fb713a38f3d16b9886080f26/library/std/src/sys_common/backtrace.rs:135:18
  25:     0x560c1c808304 - std::rt::lang_start::{{closure}}::h5396d1c55ed0c4d6
                               at /rustc/eb26296b556cef10fb713a38f3d16b9886080f26/library/std/src/rt.rs:166:18
  26:     0x560c21becaa5 - core::ops::function::impls::<impl core::ops::function::FnOnce<A> for &F>::call_once::h802b0fdd426a12ca
                               at /rustc/eb26296b556cef10fb713a38f3d16b9886080f26/library/core/src/ops/function.rs:284:13
                           std::panicking::try::do_call::h2a2f25050efa0cf8
                               at /rustc/eb26296b556cef10fb713a38f3d16b9886080f26/library/std/src/panicking.rs:500:40
                           std::panicking::try::h9ca7f841c0f0e3dd
                               at /rustc/eb26296b556cef10fb713a38f3d16b9886080f26/library/std/src/panicking.rs:464:19
                           std::panic::catch_unwind::h92d42a62587f8121
                               at /rustc/eb26296b556cef10fb713a38f3d16b9886080f26/library/std/src/panic.rs:142:14
                           std::rt::lang_start_internal::{{closure}}::hf1926c7a173d562c
                               at /rustc/eb26296b556cef10fb713a38f3d16b9886080f26/library/std/src/rt.rs:148:48
                           std::panicking::try::do_call::haac70d88f0cce898
                               at /rustc/eb26296b556cef10fb713a38f3d16b9886080f26/library/std/src/panicking.rs:500:40
                           std::panicking::try::h5c20719e1031e74b
                               at /rustc/eb26296b556cef10fb713a38f3d16b9886080f26/library/std/src/panicking.rs:464:19
                           std::panic::catch_unwind::h9b15b36860d5fe4a
                               at /rustc/eb26296b556cef10fb713a38f3d16b9886080f26/library/std/src/panic.rs:142:14
                           std::rt::lang_start_internal::hf502095b101390bb
                               at /rustc/eb26296b556cef10fb713a38f3d16b9886080f26/library/std/src/rt.rs:148:20
  27:     0x560c1c8082d8 - std::rt::lang_start::h5b5e40e37b7c38bc
                               at /rustc/eb26296b556cef10fb713a38f3d16b9886080f26/library/std/src/rt.rs:165:17
  28:     0x560c1c8084a1 - main
  29:     0x7fe175229d90 - <unknown>
  30:     0x7fe175229e40 - __libc_start_main
  31:     0x560c1c807d65 - _start
  32:                0x0 - <unknown>
"""

[Logging] Unable to flush recv: timed out waiting on channel
Timed out flushing telemetry: timed out waiting on channel
warning: unused imports: `Context`, `anyhow`
 --> aptos-move/framework/src/docgen.rs:4:14
  |
4 | use anyhow::{anyhow, Context, Ok};
  |              ^^^^^^  ^^^^^^^
  |
  = note: `#[warn(unused_imports)]` on by default

warning: unused imports: `ColorChoice`, `StandardStream`, `diagnostic::Severity`
 --> aptos-move/framework/src/docgen.rs:6:5
  |
6 |     diagnostic::Severity,
  |     ^^^^^^^^^^^^^^^^^^^^
7 |     term::termcolor::{ColorChoice, StandardStream},
  |                       ^^^^^^^^^^^  ^^^^^^^^^^^^^^

warning: unused imports: `path::PathBuf`, `sync::Mutex`
  --> aptos-move/framework/src/docgen.rs:10:11
   |
10 | use std::{path::PathBuf, sync::Mutex};
   |           ^^^^^^^^^^^^^  ^^^^^^^^^^^

warning: `aptos-framework` (lib) generated 3 warnings (run `cargo fix --lib -p aptos-framework` to apply 3 suggestions)
warning: unused variable: `error_type`
  --> aptos-move/aptos-vm/src/testing.rs:11:42
   |
11 | pub(crate) fn maybe_raise_injected_error(error_type: InjectedError) -> VMResult<()> {
   |                                          ^^^^^^^^^^ help: if this is intentional, prefix it with an underscore: `_error_type`
   |
   = note: `#[warn(unused_variables)]` on by default

warning: `aptos-vm` (lib) generated 1 warning (run `cargo fix --lib -p aptos-vm` to apply 1 suggestion)
warning: `aptos-framework` (lib) generated 3 warnings (3 duplicates)
    Finished dev [unoptimized + debuginfo] target(s) in 0.93s
     Running `target/debug/aptos-node --test --test-dir /tmp/525e0c6e104caa6ec1b982eb7bf0ba26 --config /tmp/525e0c6e104caa6ec1b982eb7bf0ba26/0/node.yaml`
WARNING: Entering test mode! This should never be used in production!
Identified node type (Validator) and chain ID (testing) from node config!
Completed generating configuration:
	Used user-provided config from path: "/tmp/525e0c6e104caa6ec1b982eb7bf0ba26/0/node.yaml"
	Log file: "/tmp/525e0c6e104caa6ec1b982eb7bf0ba26/validator.log"
	Test dir: "/tmp/525e0c6e104caa6ec1b982eb7bf0ba26"
	Aptos root key path: "/tmp/525e0c6e104caa6ec1b982eb7bf0ba26/mint.key"
	Waypoint: 0:ff815a2c4a6e2292976dde7b5d2461070722870ffcd0663c6bca2c3d265c95dd
	ChainId: testing
	REST API endpoint: http://0.0.0.0:8080
	Metrics endpoint: http://0.0.0.0:9101/metrics
	Aptosnet fullnode network endpoint: /ip4/0.0.0.0/tcp/6181

Aptos is running, press ctrl-c to exit

details = "panicked at 'error binding to 0.0.0.0:9101: error creating server listener: Address already in use (os error 98)', /home/ubuntu/.cargo/registry/src/index.crates.io-6f17d22bba15001f/hyper-0.14.27/src/server/server.rs:79:13"
backtrace = """
   0:     0x5594cd0d4a2b - backtrace::backtrace::libunwind::trace::hd4f975b3cd482846
                               at /home/ubuntu/.cargo/registry/src/index.crates.io-6f17d22bba15001f/backtrace-0.3.69/src/backtrace/libunwind.rs:93:5
                           backtrace::backtrace::trace_unsynchronized::hcc5fe755e69b9ab3
                               at /home/ubuntu/.cargo/registry/src/index.crates.io-6f17d22bba15001f/backtrace-0.3.69/src/backtrace/mod.rs:66:5
   1:     0x5594cd0d49b2 - backtrace::backtrace::trace::h919be4ab848dd0f2
                               at /home/ubuntu/.cargo/registry/src/index.crates.io-6f17d22bba15001f/backtrace-0.3.69/src/backtrace/mod.rs:53:14
   2:     0x5594cd138723 - backtrace::capture::Backtrace::create::h604b6b39c9b562b9
                               at /home/ubuntu/.cargo/registry/src/index.crates.io-6f17d22bba15001f/backtrace-0.3.69/src/capture.rs:176:9
   3:     0x5594cd138644 - backtrace::capture::Backtrace::new::ha4e99115efb61225
                               at /home/ubuntu/.cargo/registry/src/index.crates.io-6f17d22bba15001f/backtrace-0.3.69/src/capture.rs:140:22
   4:     0x5594c88f6c7d - aptos_crash_handler::handle_panic::hd6456ee5c06a6cf4
                               at /home/ubuntu/winless/move-me2/crates/crash-handler/src/lib.rs:37:38
   5:     0x5594c88f7b90 - aptos_crash_handler::setup_panic_handler::{{closure}}::hdf4b287c9a865d3a
                               at /home/ubuntu/winless/move-me2/crates/crash-handler/src/lib.rs:29:9
   6:     0x5594cd5642cd - <alloc::boxed::Box<F,A> as core::ops::function::Fn<Args>>::call::ha1f76bdae3c27ab6
                               at /rustc/eb26296b556cef10fb713a38f3d16b9886080f26/library/alloc/src/boxed.rs:1999:9
                           std::panicking::rust_panic_with_hook::h45f66047b14c555c
                               at /rustc/eb26296b556cef10fb713a38f3d16b9886080f26/library/std/src/panicking.rs:709:13
   7:     0x5594cd564067 - std::panicking::begin_panic_handler::{{closure}}::h49d1a88ef0908eb4
                               at /rustc/eb26296b556cef10fb713a38f3d16b9886080f26/library/std/src/panicking.rs:597:13
   8:     0x5594cd562bb6 - std::sys_common::backtrace::__rust_end_short_backtrace::hccebf9e57f8cc425
                               at /rustc/eb26296b556cef10fb713a38f3d16b9886080f26/library/std/src/sys_common/backtrace.rs:151:18
   9:     0x5594cd563db2 - rust_begin_unwind
                               at /rustc/eb26296b556cef10fb713a38f3d16b9886080f26/library/std/src/panicking.rs:593:5
  10:     0x5594cd58be53 - core::panicking::panic_fmt::h54ec9d0e3180a83d
                               at /rustc/eb26296b556cef10fb713a38f3d16b9886080f26/library/core/src/panicking.rs:67:14
  11:     0x5594cc25f3e7 - hyper::server::server::Server<hyper::server::tcp::AddrIncoming,()>::bind::{{closure}}::h12a18f53893a52f3
                               at /home/ubuntu/.cargo/registry/src/index.crates.io-6f17d22bba15001f/hyper-0.14.27/src/server/server.rs:79:13
  12:     0x5594cc250984 - core::result::Result<T,E>::unwrap_or_else::h3ea7fd0779ee8f0a
                               at /rustc/eb26296b556cef10fb713a38f3d16b9886080f26/library/core/src/result.rs:1428:23
  13:     0x5594cc25f27c - hyper::server::server::Server<hyper::server::tcp::AddrIncoming,()>::bind::hea01e94334f0a9e6
                               at /home/ubuntu/.cargo/registry/src/index.crates.io-6f17d22bba15001f/hyper-0.14.27/src/server/server.rs:78:24
  14:     0x5594c89d614c - aptos_inspection_service::server::start_inspection_service::{{closure}}::{{closure}}::hec6b0d8ad1fdcfde
                               at /home/ubuntu/winless/move-me2/crates/aptos-inspection-service/src/server/mod.rs:85:30
  15:     0x5594c89fd136 - tokio::runtime::park::CachedParkThread::block_on::{{closure}}::h349bfea7696fefdb
                               at /home/ubuntu/.cargo/registry/src/index.crates.io-6f17d22bba15001f/tokio-1.32.0/src/runtime/park.rs:282:63
  16:     0x5594c89fcf60 - tokio::runtime::coop::with_budget::h59819c6a8fd002bd
                               at /home/ubuntu/.cargo/registry/src/index.crates.io-6f17d22bba15001f/tokio-1.32.0/src/runtime/coop.rs:107:5
                           tokio::runtime::coop::budget::h5dd8fa6c9106353e
                               at /home/ubuntu/.cargo/registry/src/index.crates.io-6f17d22bba15001f/tokio-1.32.0/src/runtime/coop.rs:73:5
                           tokio::runtime::park::CachedParkThread::block_on::hcdbfd7d9c6e7ad7b
                               at /home/ubuntu/.cargo/registry/src/index.crates.io-6f17d22bba15001f/tokio-1.32.0/src/runtime/park.rs:282:31
  17:     0x5594c89fc6cf - tokio::runtime::context::blocking::BlockingRegionGuard::block_on::h6f4253b81fd99ece
                               at /home/ubuntu/.cargo/registry/src/index.crates.io-6f17d22bba15001f/tokio-1.32.0/src/runtime/context/blocking.rs:66:9
  18:     0x5594c8a2f37f - tokio::runtime::scheduler::multi_thread::MultiThread::block_on::{{closure}}::h80457c0dedec56ed
                               at /home/ubuntu/.cargo/registry/src/index.crates.io-6f17d22bba15001f/tokio-1.32.0/src/runtime/scheduler/multi_thread/mod.rs:87:13
  19:     0x5594c89fbcbe - tokio::runtime::context::runtime::enter_runtime::h6461db0e12d73fcb
                               at /home/ubuntu/.cargo/registry/src/index.crates.io-6f17d22bba15001f/tokio-1.32.0/src/runtime/context/runtime.rs:65:16
  20:     0x5594c8a2f30a - tokio::runtime::scheduler::multi_thread::MultiThread::block_on::h8dfa258809f26c55
                               at /home/ubuntu/.cargo/registry/src/index.crates.io-6f17d22bba15001f/tokio-1.32.0/src/runtime/scheduler/multi_thread/mod.rs:86:9
  21:     0x5594c89f2ef2 - tokio::runtime::runtime::Runtime::block_on::h9a2029c8be42cab5
                               at /home/ubuntu/.cargo/registry/src/index.crates.io-6f17d22bba15001f/tokio-1.32.0/src/runtime/runtime.rs:349:45
  22:     0x5594c89d5c2f - aptos_inspection_service::server::start_inspection_service::{{closure}}::h6671acd973ad13ba
                               at /home/ubuntu/winless/move-me2/crates/aptos-inspection-service/src/server/mod.rs:83:9
  23:     0x5594c89d597d - std::sys_common::backtrace::__rust_begin_short_backtrace::hc1f3fe28516aab3c
                               at /rustc/eb26296b556cef10fb713a38f3d16b9886080f26/library/std/src/sys_common/backtrace.rs:135:18
  24:     0x5594c89d0aeb - std::thread::Builder::spawn_unchecked_::{{closure}}::{{closure}}::hba7a3b0fcd60d8f0
                               at /rustc/eb26296b556cef10fb713a38f3d16b9886080f26/library/std/src/thread/mod.rs:529:17
  25:     0x5594c8a1d9cb - <core::panic::unwind_safe::AssertUnwindSafe<F> as core::ops::function::FnOnce<()>>::call_once::h1d61aee7f7b84baf
                               at /rustc/eb26296b556cef10fb713a38f3d16b9886080f26/library/core/src/panic/unwind_safe.rs:271:9
  26:     0x5594c89d370f - std::panicking::try::do_call::hb72fc00b97a416c8
                               at /rustc/eb26296b556cef10fb713a38f3d16b9886080f26/library/std/src/panicking.rs:500:40
  27:     0x5594c89d594d - __rust_try
  28:     0x5594c89d1f3a - std::panicking::try::ha8b8602e16e5981c
                               at /rustc/eb26296b556cef10fb713a38f3d16b9886080f26/library/std/src/panicking.rs:464:19
  29:     0x5594c89d090c - std::panic::catch_unwind::hcdd9814f6c7c18a2
                               at /rustc/eb26296b556cef10fb713a38f3d16b9886080f26/library/std/src/panic.rs:142:14
                           std::thread::Builder::spawn_unchecked_::{{closure}}::hc67ee06b3e632bdf
                               at /rustc/eb26296b556cef10fb713a38f3d16b9886080f26/library/std/src/thread/mod.rs:528:30
  30:     0x5594c8a033a2 - core::ops::function::FnOnce::call_once{{vtable.shim}}::hd0b7bdbc8e6ca9dd
                               at /rustc/eb26296b556cef10fb713a38f3d16b9886080f26/library/core/src/ops/function.rs:250:5
  31:     0x5594cd567af5 - <alloc::boxed::Box<F,A> as core::ops::function::FnOnce<Args>>::call_once::he3e5dbdfabe0b668
                               at /rustc/eb26296b556cef10fb713a38f3d16b9886080f26/library/alloc/src/boxed.rs:1985:9
                           <alloc::boxed::Box<F,A> as core::ops::function::FnOnce<Args>>::call_once::h246f7c7964633611
                               at /rustc/eb26296b556cef10fb713a38f3d16b9886080f26/library/alloc/src/boxed.rs:1985:9
                           std::sys::unix::thread::Thread::new::thread_start::hadf9e3501ff0df23
                               at /rustc/eb26296b556cef10fb713a38f3d16b9886080f26/library/std/src/sys/unix/thread.rs:108:17
  32:     0x7f89a8494ac3 - <unknown>
  33:     0x7f89a8526660 - <unknown>
  34:                0x0 - <unknown>
"""

details = "panicked at 'error binding to 127.0.0.1:6186: error creating server listener: Address already in use (os error 98)', /home/ubuntu/.cargo/registry/src/index.crates.io-6f17d22bba15001f/warp-0.3.6/src/server.rs:217:27"
backtrace = """
   0:     0x5594cd0d4a2b - backtrace::backtrace::libunwind::trace::hd4f975b3cd482846
                               at /home/ubuntu/.cargo/registry/src/index.crates.io-6f17d22bba15001f/backtrace-0.3.69/src/backtrace/libunwind.rs:93:5
                           backtrace::backtrace::trace_unsynchronized::hcc5fe755e69b9ab3
                               at /home/ubuntu/.cargo/registry/src/index.crates.io-6f17d22bba15001f/backtrace-0.3.69/src/backtrace/mod.rs:66:5
   1:     0x5594cd0d49b2 - backtrace::backtrace::trace::h919be4ab848dd0f2
                               at /home/ubuntu/.cargo/registry/src/index.crates.io-6f17d22bba15001f/backtrace-0.3.69/src/backtrace/mod.rs:53:14
   2:     0x5594cd138723 - backtrace::capture::Backtrace::create::h604b6b39c9b562b9
                               at /home/ubuntu/.cargo/registry/src/index.crates.io-6f17d22bba15001f/backtrace-0.3.69/src/capture.rs:176:9
   3:     0x5594cd138644 - backtrace::capture::Backtrace::new::ha4e99115efb61225
                               at /home/ubuntu/.cargo/registry/src/index.crates.io-6f17d22bba15001f/backtrace-0.3.69/src/capture.rs:140:22
   4:     0x5594c88f6c7d - aptos_crash_handler::handle_panic::hd6456ee5c06a6cf4
                               at /home/ubuntu/winless/move-me2/crates/crash-handler/src/lib.rs:37:38
   5:     0x5594c88f7b90 - aptos_crash_handler::setup_panic_handler::{{closure}}::hdf4b287c9a865d3a
                               at /home/ubuntu/winless/move-me2/crates/crash-handler/src/lib.rs:29:9
   6:     0x5594cd5642cd - <alloc::boxed::Box<F,A> as core::ops::function::Fn<Args>>::call::ha1f76bdae3c27ab6
                               at /rustc/eb26296b556cef10fb713a38f3d16b9886080f26/library/alloc/src/boxed.rs:1999:9
                           std::panicking::rust_panic_with_hook::h45f66047b14c555c
                               at /rustc/eb26296b556cef10fb713a38f3d16b9886080f26/library/std/src/panicking.rs:709:13
   7:     0x5594cd564067 - std::panicking::begin_panic_handler::{{closure}}::h49d1a88ef0908eb4
                               at /rustc/eb26296b556cef10fb713a38f3d16b9886080f26/library/std/src/panicking.rs:597:13
   8:     0x5594cd562bb6 - std::sys_common::backtrace::__rust_end_short_backtrace::hccebf9e57f8cc425
                               at /rustc/eb26296b556cef10fb713a38f3d16b9886080f26/library/std/src/sys_common/backtrace.rs:151:18
   9:     0x5594cd563db2 - rust_begin_unwind
                               at /rustc/eb26296b556cef10fb713a38f3d16b9886080f26/library/std/src/panicking.rs:593:5
  10:     0x5594cd58be53 - core::panicking::panic_fmt::h54ec9d0e3180a83d
                               at /rustc/eb26296b556cef10fb713a38f3d16b9886080f26/library/core/src/panicking.rs:67:14
  11:     0x5594c8c7ffe7 - warp::server::Server<F>::bind_ephemeral::{{closure}}::h25aff480807400d0
                               at /home/ubuntu/.cargo/registry/src/index.crates.io-6f17d22bba15001f/warp-0.3.6/src/server.rs:100:13
  12:     0x5594c8c81a65 - core::result::Result<T,E>::unwrap_or_else::hbcff3c9ca02e3efb
                               at /rustc/eb26296b556cef10fb713a38f3d16b9886080f26/library/core/src/result.rs:1428:23
  13:     0x5594c8c7fd56 - warp::server::Server<F>::bind_ephemeral::h5eb46ddddef3b118
                               at /home/ubuntu/.cargo/registry/src/index.crates.io-6f17d22bba15001f/warp-0.3.6/src/server.rs:217:27
  14:     0x5594c8c81546 - warp::server::Server<F>::bind::he1d38c0ee177f5bf
                               at /home/ubuntu/.cargo/registry/src/index.crates.io-6f17d22bba15001f/warp-0.3.6/src/server.rs:178:24
  15:     0x5594c8c7f739 - aptos_backup_service::start_backup_service::hf41270ecf7c15b87
                               at /home/ubuntu/winless/move-me2/storage/backup/backup-service/src/lib.rs:27:18
  16:     0x5594c8851027 - aptos_node::storage::bootstrap_db::h4390c83cd7419d8a
                               at /home/ubuntu/winless/move-me2/aptos-node/src/storage.rs:23:29
  17:     0x5594c88514b1 - aptos_node::storage::initialize_database_and_checkpoints::h384cda9fcb847196
                               at /home/ubuntu/winless/move-me2/aptos-node/src/storage.rs:110:9
  18:     0x5594c85ae7c8 - aptos_node::setup_environment_and_start_node::hd881b257faa528c1
                               at /home/ubuntu/winless/move-me2/aptos-node/src/lib.rs:471:9
  19:     0x5594c85ad44c - aptos_node::start::h4b40e3affeb12b72
                               at /home/ubuntu/winless/move-me2/aptos-node/src/lib.rs:216:9
  20:     0x5594c878e05a - aptos_node::setup_test_environment_and_start_node::hc2a77c611bc26e05
                               at /home/ubuntu/winless/move-me2/aptos-node/src/lib.rs:334:5
  21:     0x5594c85acb75 - aptos_node::AptosNodeArgs::run::hfbbfcf4cf5443599
                               at /home/ubuntu/winless/move-me2/aptos-node/src/lib.rs:123:13
  22:     0x5594c8170356 - aptos_node::main::hb026f470c26faf2e
                               at /home/ubuntu/winless/move-me2/aptos-node/src/main.rs:19:5
  23:     0x5594c8170dde - core::ops::function::FnOnce::call_once::haf2eaded9c32f602
                               at /rustc/eb26296b556cef10fb713a38f3d16b9886080f26/library/core/src/ops/function.rs:250:5
  24:     0x5594c8170e81 - std::sys_common::backtrace::__rust_begin_short_backtrace::h9674d533dc2aaa08
                               at /rustc/eb26296b556cef10fb713a38f3d16b9886080f26/library/std/src/sys_common/backtrace.rs:135:18
  25:     0x5594c8170304 - std::rt::lang_start::{{closure}}::h5396d1c55ed0c4d6
                               at /rustc/eb26296b556cef10fb713a38f3d16b9886080f26/library/std/src/rt.rs:166:18
  26:     0x5594cd554aa5 - core::ops::function::impls::<impl core::ops::function::FnOnce<A> for &F>::call_once::h802b0fdd426a12ca
                               at /rustc/eb26296b556cef10fb713a38f3d16b9886080f26/library/core/src/ops/function.rs:284:13
                           std::panicking::try::do_call::h2a2f25050efa0cf8
                               at /rustc/eb26296b556cef10fb713a38f3d16b9886080f26/library/std/src/panicking.rs:500:40
                           std::panicking::try::h9ca7f841c0f0e3dd
                               at /rustc/eb26296b556cef10fb713a38f3d16b9886080f26/library/std/src/panicking.rs:464:19
                           std::panic::catch_unwind::h92d42a62587f8121
                               at /rustc/eb26296b556cef10fb713a38f3d16b9886080f26/library/std/src/panic.rs:142:14
                           std::rt::lang_start_internal::{{closure}}::hf1926c7a173d562c
                               at /rustc/eb26296b556cef10fb713a38f3d16b9886080f26/library/std/src/rt.rs:148:48
                           std::panicking::try::do_call::haac70d88f0cce898
                               at /rustc/eb26296b556cef10fb713a38f3d16b9886080f26/library/std/src/panicking.rs:500:40
                           std::panicking::try::h5c20719e1031e74b
                               at /rustc/eb26296b556cef10fb713a38f3d16b9886080f26/library/std/src/panicking.rs:464:19
                           std::panic::catch_unwind::h9b15b36860d5fe4a
                               at /rustc/eb26296b556cef10fb713a38f3d16b9886080f26/library/std/src/panic.rs:142:14
                           std::rt::lang_start_internal::hf502095b101390bb
                               at /rustc/eb26296b556cef10fb713a38f3d16b9886080f26/library/std/src/rt.rs:148:20
  27:     0x5594c81702d8 - std::rt::lang_start::h5b5e40e37b7c38bc
                               at /rustc/eb26296b556cef10fb713a38f3d16b9886080f26/library/std/src/rt.rs:165:17
  28:     0x5594c81704a1 - main
  29:     0x7f89a8429d90 - <unknown>
  30:     0x7f89a8429e40 - __libc_start_main
  31:     0x5594c816fd65 - _start
  32:                0x0 - <unknown>
"""

[Logging] Unable to flush recv: timed out waiting on channel
Timed out flushing telemetry: timed out waiting on channel
warning: unused imports: `Context`, `anyhow`
 --> aptos-move/framework/src/docgen.rs:4:14
  |
4 | use anyhow::{anyhow, Context, Ok};
  |              ^^^^^^  ^^^^^^^
  |
  = note: `#[warn(unused_imports)]` on by default

warning: unused imports: `ColorChoice`, `StandardStream`, `diagnostic::Severity`
 --> aptos-move/framework/src/docgen.rs:6:5
  |
6 |     diagnostic::Severity,
  |     ^^^^^^^^^^^^^^^^^^^^
7 |     term::termcolor::{ColorChoice, StandardStream},
  |                       ^^^^^^^^^^^  ^^^^^^^^^^^^^^

warning: unused imports: `path::PathBuf`, `sync::Mutex`
  --> aptos-move/framework/src/docgen.rs:10:11
   |
10 | use std::{path::PathBuf, sync::Mutex};
   |           ^^^^^^^^^^^^^  ^^^^^^^^^^^

warning: `aptos-framework` (lib) generated 3 warnings (run `cargo fix --lib -p aptos-framework` to apply 3 suggestions)
warning: unused variable: `error_type`
  --> aptos-move/aptos-vm/src/testing.rs:11:42
   |
11 | pub(crate) fn maybe_raise_injected_error(error_type: InjectedError) -> VMResult<()> {
   |                                          ^^^^^^^^^^ help: if this is intentional, prefix it with an underscore: `_error_type`
   |
   = note: `#[warn(unused_variables)]` on by default

warning: `aptos-vm` (lib) generated 1 warning (run `cargo fix --lib -p aptos-vm` to apply 1 suggestion)
warning: `aptos-framework` (lib) generated 3 warnings (3 duplicates)
    Finished dev [unoptimized + debuginfo] target(s) in 0.90s
     Running `target/debug/aptos-node --test --test-dir /tmp/525e0c6e104caa6ec1b982eb7bf0ba26 --config /tmp/525e0c6e104caa6ec1b982eb7bf0ba26/0/node.yaml`
WARNING: Entering test mode! This should never be used in production!
Identified node type (Validator) and chain ID (testing) from node config!
Completed generating configuration:
	Used user-provided config from path: "/tmp/525e0c6e104caa6ec1b982eb7bf0ba26/0/node.yaml"
	Log file: "/tmp/525e0c6e104caa6ec1b982eb7bf0ba26/validator.log"
	Test dir: "/tmp/525e0c6e104caa6ec1b982eb7bf0ba26"
	Aptos root key path: "/tmp/525e0c6e104caa6ec1b982eb7bf0ba26/mint.key"
	Waypoint: 0:ff815a2c4a6e2292976dde7b5d2461070722870ffcd0663c6bca2c3d265c95dd
	ChainId: testing
	REST API endpoint: http://0.0.0.0:8080
	Metrics endpoint: http://0.0.0.0:9101/metrics
	Aptosnet fullnode network endpoint: /ip4/0.0.0.0/tcp/6181

Aptos is running, press ctrl-c to exit

warning: unused imports: `Context`, `anyhow`
 --> aptos-move/framework/src/docgen.rs:4:14
  |
4 | use anyhow::{anyhow, Context, Ok};
  |              ^^^^^^  ^^^^^^^
  |
  = note: `#[warn(unused_imports)]` on by default

warning: unused imports: `ColorChoice`, `StandardStream`, `diagnostic::Severity`
 --> aptos-move/framework/src/docgen.rs:6:5
  |
6 |     diagnostic::Severity,
  |     ^^^^^^^^^^^^^^^^^^^^
7 |     term::termcolor::{ColorChoice, StandardStream},
  |                       ^^^^^^^^^^^  ^^^^^^^^^^^^^^

warning: unused imports: `path::PathBuf`, `sync::Mutex`
  --> aptos-move/framework/src/docgen.rs:10:11
   |
10 | use std::{path::PathBuf, sync::Mutex};
   |           ^^^^^^^^^^^^^  ^^^^^^^^^^^

warning: `aptos-framework` (lib) generated 3 warnings (run `cargo fix --lib -p aptos-framework` to apply 3 suggestions)
warning: unused variable: `error_type`
  --> aptos-move/aptos-vm/src/testing.rs:11:42
   |
11 | pub(crate) fn maybe_raise_injected_error(error_type: InjectedError) -> VMResult<()> {
   |                                          ^^^^^^^^^^ help: if this is intentional, prefix it with an underscore: `_error_type`
   |
   = note: `#[warn(unused_variables)]` on by default

warning: `aptos-vm` (lib) generated 1 warning (run `cargo fix --lib -p aptos-vm` to apply 1 suggestion)
warning: `aptos-framework` (lib) generated 3 warnings (3 duplicates)
    Finished dev [unoptimized + debuginfo] target(s) in 5.29s
     Running `target/debug/aptos-node --test --test-dir /tmp/38c4ecda81513ff2c822044502bede08 --config /tmp/38c4ecda81513ff2c822044502bede08/0/node.yaml`
WARNING: Entering test mode! This should never be used in production!
Identified node type (Validator) and chain ID (testing) from node config!
Completed generating configuration:
	Used user-provided config from path: "/tmp/38c4ecda81513ff2c822044502bede08/0/node.yaml"
	Log file: "/tmp/38c4ecda81513ff2c822044502bede08/validator.log"
	Test dir: "/tmp/38c4ecda81513ff2c822044502bede08"
	Aptos root key path: "/tmp/38c4ecda81513ff2c822044502bede08/mint.key"
	Waypoint: 0:6569fd927f964eaed4ec87e2e48c2efa9bf4392bc117f257b5d0345960d69984
	ChainId: testing
	REST API endpoint: http://0.0.0.0:8080
	Metrics endpoint: http://0.0.0.0:9101/metrics
	Aptosnet fullnode network endpoint: /ip4/0.0.0.0/tcp/6181

Aptos is running, press ctrl-c to exit

warning: unused imports: `Context`, `anyhow`
 --> aptos-move/framework/src/docgen.rs:4:14
  |
4 | use anyhow::{anyhow, Context, Ok};
  |              ^^^^^^  ^^^^^^^
  |
  = note: `#[warn(unused_imports)]` on by default

warning: unused imports: `ColorChoice`, `StandardStream`, `diagnostic::Severity`
 --> aptos-move/framework/src/docgen.rs:6:5
  |
6 |     diagnostic::Severity,
  |     ^^^^^^^^^^^^^^^^^^^^
7 |     term::termcolor::{ColorChoice, StandardStream},
  |                       ^^^^^^^^^^^  ^^^^^^^^^^^^^^

warning: unused imports: `path::PathBuf`, `sync::Mutex`
  --> aptos-move/framework/src/docgen.rs:10:11
   |
10 | use std::{path::PathBuf, sync::Mutex};
   |           ^^^^^^^^^^^^^  ^^^^^^^^^^^

warning: `aptos-framework` (lib) generated 3 warnings (run `cargo fix --lib -p aptos-framework` to apply 3 suggestions)
warning: unused variable: `error_type`
  --> aptos-move/aptos-vm/src/testing.rs:11:42
   |
11 | pub(crate) fn maybe_raise_injected_error(error_type: InjectedError) -> VMResult<()> {
   |                                          ^^^^^^^^^^ help: if this is intentional, prefix it with an underscore: `_error_type`
   |
   = note: `#[warn(unused_variables)]` on by default

warning: `aptos-vm` (lib) generated 1 warning (run `cargo fix --lib -p aptos-vm` to apply 1 suggestion)
warning: `aptos-framework` (lib) generated 3 warnings (3 duplicates)
    Finished dev [unoptimized + debuginfo] target(s) in 0.90s
     Running `target/debug/aptos-node --test --test-dir /tmp/ba42b7a72a7a1b962c738e7118ea050c --config /tmp/38c4ecda81513ff2c822044502bede08/0/node.yaml`
WARNING: Entering test mode! This should never be used in production!
Identified node type (Validator) and chain ID (testing) from node config!
Completed generating configuration:
	Used user-provided config from path: "/tmp/38c4ecda81513ff2c822044502bede08/0/node.yaml"
	Log file: "/tmp/ba42b7a72a7a1b962c738e7118ea050c/validator.log"
	Test dir: "/tmp/ba42b7a72a7a1b962c738e7118ea050c"
	Aptos root key path: "/tmp/ba42b7a72a7a1b962c738e7118ea050c/mint.key"
	Waypoint: 0:f10789bd0b7defb4a75c9e0551a54d0131548b69928a4adffe6c6a95b5353d4b
	ChainId: testing
	REST API endpoint: http://0.0.0.0:8080
	Metrics endpoint: http://0.0.0.0:9101/metrics
	Aptosnet fullnode network endpoint: /ip4/0.0.0.0/tcp/6181

Aptos is running, press ctrl-c to exit

warning: unused imports: `Context`, `anyhow`
 --> aptos-move/framework/src/docgen.rs:4:14
  |
4 | use anyhow::{anyhow, Context, Ok};
  |              ^^^^^^  ^^^^^^^
  |
  = note: `#[warn(unused_imports)]` on by default

warning: unused imports: `ColorChoice`, `StandardStream`, `diagnostic::Severity`
 --> aptos-move/framework/src/docgen.rs:6:5
  |
6 |     diagnostic::Severity,
  |     ^^^^^^^^^^^^^^^^^^^^
7 |     term::termcolor::{ColorChoice, StandardStream},
  |                       ^^^^^^^^^^^  ^^^^^^^^^^^^^^

warning: unused imports: `path::PathBuf`, `sync::Mutex`
  --> aptos-move/framework/src/docgen.rs:10:11
   |
10 | use std::{path::PathBuf, sync::Mutex};
   |           ^^^^^^^^^^^^^  ^^^^^^^^^^^

warning: `aptos-framework` (lib) generated 3 warnings (run `cargo fix --lib -p aptos-framework` to apply 3 suggestions)
warning: unused variable: `error_type`
  --> aptos-move/aptos-vm/src/testing.rs:11:42
   |
11 | pub(crate) fn maybe_raise_injected_error(error_type: InjectedError) -> VMResult<()> {
   |                                          ^^^^^^^^^^ help: if this is intentional, prefix it with an underscore: `_error_type`
   |
   = note: `#[warn(unused_variables)]` on by default

warning: `aptos-vm` (lib) generated 1 warning (run `cargo fix --lib -p aptos-vm` to apply 1 suggestion)
warning: `aptos-framework` (lib) generated 3 warnings (3 duplicates)
    Finished dev [unoptimized + debuginfo] target(s) in 2.94s
     Running `target/debug/aptos-node --test --test-dir /tmp/e5f51696be31fdb76a3092cb93af1a78 --config /tmp/e5f51696be31fdb76a3092cb93af1a78/0/node.yaml`
WARNING: Entering test mode! This should never be used in production!
Identified node type (Validator) and chain ID (testing) from node config!
Completed generating configuration:
	Used user-provided config from path: "/tmp/e5f51696be31fdb76a3092cb93af1a78/0/node.yaml"
	Log file: "/tmp/e5f51696be31fdb76a3092cb93af1a78/validator.log"
	Test dir: "/tmp/e5f51696be31fdb76a3092cb93af1a78"
	Aptos root key path: "/tmp/e5f51696be31fdb76a3092cb93af1a78/mint.key"
	Waypoint: 0:0fe18df76c901fa4b62a6f6edfad5d8eba21f94c73f9deee8f80a1839b055434
	ChainId: testing
	REST API endpoint: http://0.0.0.0:8080
	Metrics endpoint: http://0.0.0.0:9101/metrics
	Aptosnet fullnode network endpoint: /ip4/0.0.0.0/tcp/6181

Aptos is running, press ctrl-c to exit

warning: unused imports: `Context`, `anyhow`
 --> aptos-move/framework/src/docgen.rs:4:14
  |
4 | use anyhow::{anyhow, Context, Ok};
  |              ^^^^^^  ^^^^^^^
  |
  = note: `#[warn(unused_imports)]` on by default

warning: unused imports: `ColorChoice`, `StandardStream`, `diagnostic::Severity`
 --> aptos-move/framework/src/docgen.rs:6:5
  |
6 |     diagnostic::Severity,
  |     ^^^^^^^^^^^^^^^^^^^^
7 |     term::termcolor::{ColorChoice, StandardStream},
  |                       ^^^^^^^^^^^  ^^^^^^^^^^^^^^

warning: unused imports: `path::PathBuf`, `sync::Mutex`
  --> aptos-move/framework/src/docgen.rs:10:11
   |
10 | use std::{path::PathBuf, sync::Mutex};
   |           ^^^^^^^^^^^^^  ^^^^^^^^^^^

warning: `aptos-framework` (lib) generated 3 warnings (run `cargo fix --lib -p aptos-framework` to apply 3 suggestions)
warning: unused variable: `error_type`
  --> aptos-move/aptos-vm/src/testing.rs:11:42
   |
11 | pub(crate) fn maybe_raise_injected_error(error_type: InjectedError) -> VMResult<()> {
   |                                          ^^^^^^^^^^ help: if this is intentional, prefix it with an underscore: `_error_type`
   |
   = note: `#[warn(unused_variables)]` on by default

warning: `aptos-vm` (lib) generated 1 warning (run `cargo fix --lib -p aptos-vm` to apply 1 suggestion)
warning: `aptos-framework` (lib) generated 3 warnings (3 duplicates)
    Finished dev [unoptimized + debuginfo] target(s) in 0.91s
     Running `target/debug/aptos-node --test --test-dir /tmp/0a6188f5fb0c41b3d95001a02517e652 --config /tmp/0a6188f5fb0c41b3d95001a02517e652/0/node.yaml`
WARNING: Entering test mode! This should never be used in production!
Identified node type (Validator) and chain ID (testing) from node config!
Completed generating configuration:
	Used user-provided config from path: "/tmp/0a6188f5fb0c41b3d95001a02517e652/0/node.yaml"
	Log file: "/tmp/0a6188f5fb0c41b3d95001a02517e652/validator.log"
	Test dir: "/tmp/0a6188f5fb0c41b3d95001a02517e652"
	Aptos root key path: "/tmp/0a6188f5fb0c41b3d95001a02517e652/mint.key"
	Waypoint: 0:48840488cbc9ee450a0eae820149aaf4d12e545f0d703a7835468c1799f2c430
	ChainId: testing
	REST API endpoint: http://0.0.0.0:8080
	Metrics endpoint: http://0.0.0.0:9101/metrics
	Aptosnet fullnode network endpoint: /ip4/0.0.0.0/tcp/6181

Aptos is running, press ctrl-c to exit

warning: unused imports: `Context`, `anyhow`
 --> aptos-move/framework/src/docgen.rs:4:14
  |
4 | use anyhow::{anyhow, Context, Ok};
  |              ^^^^^^  ^^^^^^^
  |
  = note: `#[warn(unused_imports)]` on by default

warning: unused imports: `ColorChoice`, `StandardStream`, `diagnostic::Severity`
 --> aptos-move/framework/src/docgen.rs:6:5
  |
6 |     diagnostic::Severity,
  |     ^^^^^^^^^^^^^^^^^^^^
7 |     term::termcolor::{ColorChoice, StandardStream},
  |                       ^^^^^^^^^^^  ^^^^^^^^^^^^^^

warning: unused imports: `path::PathBuf`, `sync::Mutex`
  --> aptos-move/framework/src/docgen.rs:10:11
   |
10 | use std::{path::PathBuf, sync::Mutex};
   |           ^^^^^^^^^^^^^  ^^^^^^^^^^^

   Compiling aptos-gas-meter v0.1.0 (/home/ubuntu/winless/move-me2/aptos-move/aptos-gas-meter)
warning: `aptos-framework` (lib) generated 3 warnings (run `cargo fix --lib -p aptos-framework` to apply 3 suggestions)
warning: `aptos-framework` (lib) generated 3 warnings (3 duplicates)
   Compiling aptos-memory-usage-tracker v0.1.0 (/home/ubuntu/winless/move-me2/aptos-move/aptos-memory-usage-tracker)
   Compiling aptos-vm v0.1.0 (/home/ubuntu/winless/move-me2/aptos-move/aptos-vm)
warning: unused variable: `error_type`
  --> aptos-move/aptos-vm/src/testing.rs:11:42
   |
11 | pub(crate) fn maybe_raise_injected_error(error_type: InjectedError) -> VMResult<()> {
   |                                          ^^^^^^^^^^ help: if this is intentional, prefix it with an underscore: `_error_type`
   |
   = note: `#[warn(unused_variables)]` on by default

   Compiling aptos-storage-interface v0.1.0 (/home/ubuntu/winless/move-me2/storage/storage-interface)
   Compiling aptos-vm-genesis v0.1.0 (/home/ubuntu/winless/move-me2/aptos-move/vm-genesis)
   Compiling aptos-executor-types v0.1.0 (/home/ubuntu/winless/move-me2/execution/executor-types)
   Compiling aptos-event-notifications v0.1.0 (/home/ubuntu/winless/move-me2/state-sync/inter-component/event-notifications)
   Compiling aptos-api-types v0.0.1 (/home/ubuntu/winless/move-me2/api/types)
   Compiling aptos-data-client v0.1.0 (/home/ubuntu/winless/move-me2/state-sync/aptos-data-client)
   Compiling aptos-jellyfish-merkle v0.1.0 (/home/ubuntu/winless/move-me2/storage/jellyfish-merkle)
   Compiling aptos-db-indexer v0.1.0 (/home/ubuntu/winless/move-me2/storage/indexer)
warning: `aptos-vm` (lib) generated 1 warning (run `cargo fix --lib -p aptos-vm` to apply 1 suggestion)
   Compiling aptos-peer-monitoring-service-server v0.1.0 (/home/ubuntu/winless/move-me2/network/peer-monitoring-service/server)
   Compiling aptos-storage-service-server v0.1.0 (/home/ubuntu/winless/move-me2/state-sync/storage-service/server)
   Compiling aptos-vm-validator v0.1.0 (/home/ubuntu/winless/move-me2/vm-validator)
   Compiling aptos-consensus-types v0.1.0 (/home/ubuntu/winless/move-me2/consensus/consensus-types)
   Compiling aptos-db v0.1.0 (/home/ubuntu/winless/move-me2/storage/aptosdb)
   Compiling aptos-data-streaming-service v0.1.0 (/home/ubuntu/winless/move-me2/state-sync/state-sync-v2/data-streaming-service)
   Compiling aptos-mempool v0.1.0 (/home/ubuntu/winless/move-me2/mempool)
   Compiling aptos-executor v0.1.0 (/home/ubuntu/winless/move-me2/execution/executor)
   Compiling aptos-safety-rules v0.1.0 (/home/ubuntu/winless/move-me2/consensus/safety-rules)
   Compiling aptos-reliable-broadcast v0.1.0 (/home/ubuntu/winless/move-me2/crates/reliable-broadcast)
   Compiling aptos-rest-client v0.0.0 (/home/ubuntu/winless/move-me2/crates/aptos-rest-client)
   Compiling aptos-state-sync-driver v0.1.0 (/home/ubuntu/winless/move-me2/state-sync/state-sync-v2/state-sync-driver)
   Compiling aptos-backup-service v0.1.0 (/home/ubuntu/winless/move-me2/storage/backup/backup-service)
   Compiling aptos-genesis v0.1.0 (/home/ubuntu/winless/move-me2/crates/aptos-genesis)
   Compiling aptos-telemetry-service v0.1.0 (/home/ubuntu/winless/move-me2/crates/aptos-telemetry-service)
   Compiling aptos-api v0.2.0 (/home/ubuntu/winless/move-me2/api)
   Compiling aptos-consensus v0.1.0 (/home/ubuntu/winless/move-me2/consensus)
   Compiling aptos-network-discovery v0.1.0 (/home/ubuntu/winless/move-me2/network/discovery)
   Compiling aptos-network-builder v0.1.0 (/home/ubuntu/winless/move-me2/network/builder)
   Compiling aptos-indexer-grpc-fullnode v1.0.0 (/home/ubuntu/winless/move-me2/ecosystem/indexer-grpc/indexer-grpc-fullnode)
   Compiling aptos-telemetry v0.1.0 (/home/ubuntu/winless/move-me2/crates/aptos-telemetry)
   Compiling aptos-inspection-service v0.1.0 (/home/ubuntu/winless/move-me2/crates/aptos-inspection-service)
   Compiling aptos-node v1.8.0 (/home/ubuntu/winless/move-me2/aptos-node)
    Finished dev [unoptimized + debuginfo] target(s) in 33.58s
     Running `target/debug/aptos-node --test --test-dir /tmp/0a6188f5fb0c41b3d95001a02517e652 --config /tmp/0a6188f5fb0c41b3d95001a02517e652/0/node.yaml`
WARNING: Entering test mode! This should never be used in production!
Identified node type (Validator) and chain ID (testing) from node config!
Completed generating configuration:
	Used user-provided config from path: "/tmp/0a6188f5fb0c41b3d95001a02517e652/0/node.yaml"
	Log file: "/tmp/0a6188f5fb0c41b3d95001a02517e652/validator.log"
	Test dir: "/tmp/0a6188f5fb0c41b3d95001a02517e652"
	Aptos root key path: "/tmp/0a6188f5fb0c41b3d95001a02517e652/mint.key"
	Waypoint: 0:48840488cbc9ee450a0eae820149aaf4d12e545f0d703a7835468c1799f2c430
	ChainId: testing
	REST API endpoint: http://0.0.0.0:8080
	Metrics endpoint: http://0.0.0.0:9101/metrics
	Aptosnet fullnode network endpoint: /ip4/0.0.0.0/tcp/6181

Aptos is running, press ctrl-c to exit

warning: unused imports: `Context`, `anyhow`
 --> aptos-move/framework/src/docgen.rs:4:14
  |
4 | use anyhow::{anyhow, Context, Ok};
  |              ^^^^^^  ^^^^^^^
  |
  = note: `#[warn(unused_imports)]` on by default

warning: unused imports: `ColorChoice`, `StandardStream`, `diagnostic::Severity`
 --> aptos-move/framework/src/docgen.rs:6:5
  |
6 |     diagnostic::Severity,
  |     ^^^^^^^^^^^^^^^^^^^^
7 |     term::termcolor::{ColorChoice, StandardStream},
  |                       ^^^^^^^^^^^  ^^^^^^^^^^^^^^

warning: unused imports: `path::PathBuf`, `sync::Mutex`
  --> aptos-move/framework/src/docgen.rs:10:11
   |
10 | use std::{path::PathBuf, sync::Mutex};
   |           ^^^^^^^^^^^^^  ^^^^^^^^^^^

warning: `aptos-framework` (lib) generated 3 warnings (run `cargo fix --lib -p aptos-framework` to apply 3 suggestions)
warning: unused variable: `error_type`
  --> aptos-move/aptos-vm/src/testing.rs:11:42
   |
11 | pub(crate) fn maybe_raise_injected_error(error_type: InjectedError) -> VMResult<()> {
   |                                          ^^^^^^^^^^ help: if this is intentional, prefix it with an underscore: `_error_type`
   |
   = note: `#[warn(unused_variables)]` on by default

warning: `aptos-vm` (lib) generated 1 warning (run `cargo fix --lib -p aptos-vm` to apply 1 suggestion)
warning: `aptos-framework` (lib) generated 3 warnings (3 duplicates)
    Finished dev [unoptimized + debuginfo] target(s) in 0.85s
     Running `target/debug/aptos-node --test --test-dir /tmp/63847a0b86faaa853e3fe74a0d957d0f --config /tmp/63847a0b86faaa853e3fe74a0d957d0f/0/node.yaml`
WARNING: Entering test mode! This should never be used in production!
Identified node type (Validator) and chain ID (testing) from node config!
Completed generating configuration:
	Used user-provided config from path: "/tmp/63847a0b86faaa853e3fe74a0d957d0f/0/node.yaml"
	Log file: "/tmp/63847a0b86faaa853e3fe74a0d957d0f/validator.log"
	Test dir: "/tmp/63847a0b86faaa853e3fe74a0d957d0f"
	Aptos root key path: "/tmp/63847a0b86faaa853e3fe74a0d957d0f/mint.key"
	Waypoint: 0:e6bb29215104440ef8ce1129f7abced3c6b32b130710047ef21526b5b8674e41
	ChainId: testing
	REST API endpoint: http://0.0.0.0:8080
	Metrics endpoint: http://0.0.0.0:9101/metrics
	Aptosnet fullnode network endpoint: /ip4/0.0.0.0/tcp/6181

Aptos is running, press ctrl-c to exit

warning: unused imports: `Context`, `anyhow`
 --> aptos-move/framework/src/docgen.rs:4:14
  |
4 | use anyhow::{anyhow, Context, Ok};
  |              ^^^^^^  ^^^^^^^
  |
  = note: `#[warn(unused_imports)]` on by default

warning: unused imports: `ColorChoice`, `StandardStream`, `diagnostic::Severity`
 --> aptos-move/framework/src/docgen.rs:6:5
  |
6 |     diagnostic::Severity,
  |     ^^^^^^^^^^^^^^^^^^^^
7 |     term::termcolor::{ColorChoice, StandardStream},
  |                       ^^^^^^^^^^^  ^^^^^^^^^^^^^^

warning: unused imports: `path::PathBuf`, `sync::Mutex`
  --> aptos-move/framework/src/docgen.rs:10:11
   |
10 | use std::{path::PathBuf, sync::Mutex};
   |           ^^^^^^^^^^^^^  ^^^^^^^^^^^

warning: `aptos-framework` (lib) generated 3 warnings (run `cargo fix --lib -p aptos-framework` to apply 3 suggestions)
warning: unused variable: `error_type`
  --> aptos-move/aptos-vm/src/testing.rs:11:42
   |
11 | pub(crate) fn maybe_raise_injected_error(error_type: InjectedError) -> VMResult<()> {
   |                                          ^^^^^^^^^^ help: if this is intentional, prefix it with an underscore: `_error_type`
   |
   = note: `#[warn(unused_variables)]` on by default

warning: `aptos-vm` (lib) generated 1 warning (run `cargo fix --lib -p aptos-vm` to apply 1 suggestion)
warning: `aptos-framework` (lib) generated 3 warnings (3 duplicates)
    Finished dev [unoptimized + debuginfo] target(s) in 0.86s
     Running `target/debug/aptos-node --test --test-dir /tmp/9e77c9a5e8db6be19c6dbbeeb5d037c7 --config /tmp/9e77c9a5e8db6be19c6dbbeeb5d037c7/0/node.yaml`
WARNING: Entering test mode! This should never be used in production!
Identified node type (Validator) and chain ID (testing) from node config!
Completed generating configuration:
	Used user-provided config from path: "/tmp/9e77c9a5e8db6be19c6dbbeeb5d037c7/0/node.yaml"
	Log file: "/tmp/9e77c9a5e8db6be19c6dbbeeb5d037c7/validator.log"
	Test dir: "/tmp/9e77c9a5e8db6be19c6dbbeeb5d037c7"
	Aptos root key path: "/tmp/9e77c9a5e8db6be19c6dbbeeb5d037c7/mint.key"
	Waypoint: 0:ae6fcde44401a054b13071a3b80ba788512bf96c39d6a757db05fade61a9cdcb
	ChainId: testing
	REST API endpoint: http://0.0.0.0:8080
	Metrics endpoint: http://0.0.0.0:9101/metrics
	Aptosnet fullnode network endpoint: /ip4/0.0.0.0/tcp/6181

Aptos is running, press ctrl-c to exit

warning: unused imports: `Context`, `anyhow`
 --> aptos-move/framework/src/docgen.rs:4:14
  |
4 | use anyhow::{anyhow, Context, Ok};
  |              ^^^^^^  ^^^^^^^
  |
  = note: `#[warn(unused_imports)]` on by default

warning: unused imports: `ColorChoice`, `StandardStream`, `diagnostic::Severity`
 --> aptos-move/framework/src/docgen.rs:6:5
  |
6 |     diagnostic::Severity,
  |     ^^^^^^^^^^^^^^^^^^^^
7 |     term::termcolor::{ColorChoice, StandardStream},
  |                       ^^^^^^^^^^^  ^^^^^^^^^^^^^^

warning: unused imports: `path::PathBuf`, `sync::Mutex`
  --> aptos-move/framework/src/docgen.rs:10:11
   |
10 | use std::{path::PathBuf, sync::Mutex};
   |           ^^^^^^^^^^^^^  ^^^^^^^^^^^

warning: `aptos-framework` (lib) generated 3 warnings (run `cargo fix --lib -p aptos-framework` to apply 3 suggestions)
warning: unused variable: `error_type`
  --> aptos-move/aptos-vm/src/testing.rs:11:42
   |
11 | pub(crate) fn maybe_raise_injected_error(error_type: InjectedError) -> VMResult<()> {
   |                                          ^^^^^^^^^^ help: if this is intentional, prefix it with an underscore: `_error_type`
   |
   = note: `#[warn(unused_variables)]` on by default

warning: `aptos-vm` (lib) generated 1 warning (run `cargo fix --lib -p aptos-vm` to apply 1 suggestion)
warning: `aptos-framework` (lib) generated 3 warnings (3 duplicates)
    Finished dev [unoptimized + debuginfo] target(s) in 0.93s
     Running `target/debug/aptos-node --test --test-dir /tmp/d02d92e509a0d8df5ee55f56ed0ed7b1 --config /tmp/d02d92e509a0d8df5ee55f56ed0ed7b1/0/node.yaml`
WARNING: Entering test mode! This should never be used in production!
Identified node type (Validator) and chain ID (testing) from node config!
Completed generating configuration:
	Used user-provided config from path: "/tmp/d02d92e509a0d8df5ee55f56ed0ed7b1/0/node.yaml"
	Log file: "/tmp/d02d92e509a0d8df5ee55f56ed0ed7b1/validator.log"
	Test dir: "/tmp/d02d92e509a0d8df5ee55f56ed0ed7b1"
	Aptos root key path: "/tmp/d02d92e509a0d8df5ee55f56ed0ed7b1/mint.key"
	Waypoint: 0:be11ad5b24fa6050dcd63bd7bbb34be8411f489bbbd8248d86749cade51f1643
	ChainId: testing
	REST API endpoint: http://0.0.0.0:8080
	Metrics endpoint: http://0.0.0.0:9101/metrics
	Aptosnet fullnode network endpoint: /ip4/0.0.0.0/tcp/6181

Aptos is running, press ctrl-c to exit

warning: unused imports: `Context`, `anyhow`
 --> aptos-move/framework/src/docgen.rs:4:14
  |
4 | use anyhow::{anyhow, Context, Ok};
  |              ^^^^^^  ^^^^^^^
  |
  = note: `#[warn(unused_imports)]` on by default

warning: unused imports: `ColorChoice`, `StandardStream`, `diagnostic::Severity`
 --> aptos-move/framework/src/docgen.rs:6:5
  |
6 |     diagnostic::Severity,
  |     ^^^^^^^^^^^^^^^^^^^^
7 |     term::termcolor::{ColorChoice, StandardStream},
  |                       ^^^^^^^^^^^  ^^^^^^^^^^^^^^

warning: unused imports: `path::PathBuf`, `sync::Mutex`
  --> aptos-move/framework/src/docgen.rs:10:11
   |
10 | use std::{path::PathBuf, sync::Mutex};
   |           ^^^^^^^^^^^^^  ^^^^^^^^^^^

warning: `aptos-framework` (lib) generated 3 warnings (run `cargo fix --lib -p aptos-framework` to apply 3 suggestions)
warning: unused variable: `error_type`
  --> aptos-move/aptos-vm/src/testing.rs:11:42
   |
11 | pub(crate) fn maybe_raise_injected_error(error_type: InjectedError) -> VMResult<()> {
   |                                          ^^^^^^^^^^ help: if this is intentional, prefix it with an underscore: `_error_type`
   |
   = note: `#[warn(unused_variables)]` on by default

warning: `aptos-vm` (lib) generated 1 warning (run `cargo fix --lib -p aptos-vm` to apply 1 suggestion)
warning: `aptos-framework` (lib) generated 3 warnings (3 duplicates)
    Finished dev [unoptimized + debuginfo] target(s) in 0.92s
     Running `target/debug/aptos-node --test --test-dir /tmp/18d187e070e9da7e234bfbed28a63064 --config /tmp/18d187e070e9da7e234bfbed28a63064/0/node.yaml`
WARNING: Entering test mode! This should never be used in production!
Identified node type (Validator) and chain ID (testing) from node config!
Completed generating configuration:
	Used user-provided config from path: "/tmp/18d187e070e9da7e234bfbed28a63064/0/node.yaml"
	Log file: "/tmp/18d187e070e9da7e234bfbed28a63064/validator.log"
	Test dir: "/tmp/18d187e070e9da7e234bfbed28a63064"
	Aptos root key path: "/tmp/18d187e070e9da7e234bfbed28a63064/mint.key"
	Waypoint: 0:63856ed5413ff40a1d9c6ced0aeecbbdd14b889e8c96971dd2349a3a0e830b7a
	ChainId: testing
	REST API endpoint: http://0.0.0.0:8080
	Metrics endpoint: http://0.0.0.0:9101/metrics
	Aptosnet fullnode network endpoint: /ip4/0.0.0.0/tcp/6181

Aptos is running, press ctrl-c to exit

warning: unused imports: `Context`, `anyhow`
 --> aptos-move/framework/src/docgen.rs:4:14
  |
4 | use anyhow::{anyhow, Context, Ok};
  |              ^^^^^^  ^^^^^^^
  |
  = note: `#[warn(unused_imports)]` on by default

warning: unused imports: `ColorChoice`, `StandardStream`, `diagnostic::Severity`
 --> aptos-move/framework/src/docgen.rs:6:5
  |
6 |     diagnostic::Severity,
  |     ^^^^^^^^^^^^^^^^^^^^
7 |     term::termcolor::{ColorChoice, StandardStream},
  |                       ^^^^^^^^^^^  ^^^^^^^^^^^^^^

warning: unused imports: `path::PathBuf`, `sync::Mutex`
  --> aptos-move/framework/src/docgen.rs:10:11
   |
10 | use std::{path::PathBuf, sync::Mutex};
   |           ^^^^^^^^^^^^^  ^^^^^^^^^^^

warning: `aptos-framework` (lib) generated 3 warnings (run `cargo fix --lib -p aptos-framework` to apply 3 suggestions)
warning: unused variable: `error_type`
  --> aptos-move/aptos-vm/src/testing.rs:11:42
   |
11 | pub(crate) fn maybe_raise_injected_error(error_type: InjectedError) -> VMResult<()> {
   |                                          ^^^^^^^^^^ help: if this is intentional, prefix it with an underscore: `_error_type`
   |
   = note: `#[warn(unused_variables)]` on by default

warning: `aptos-vm` (lib) generated 1 warning (run `cargo fix --lib -p aptos-vm` to apply 1 suggestion)
warning: `aptos-framework` (lib) generated 3 warnings (3 duplicates)
    Finished dev [unoptimized + debuginfo] target(s) in 2.55s
     Running `target/debug/aptos-node --test --test-dir /tmp/b2e87fc2b2dcc766e7847f2e31efec20 --config /tmp/b2e87fc2b2dcc766e7847f2e31efec20/0/node.yaml`
WARNING: Entering test mode! This should never be used in production!
Identified node type (Validator) and chain ID (testing) from node config!
Completed generating configuration:
	Used user-provided config from path: "/tmp/b2e87fc2b2dcc766e7847f2e31efec20/0/node.yaml"
	Log file: "/tmp/b2e87fc2b2dcc766e7847f2e31efec20/validator.log"
	Test dir: "/tmp/b2e87fc2b2dcc766e7847f2e31efec20"
	Aptos root key path: "/tmp/b2e87fc2b2dcc766e7847f2e31efec20/mint.key"
	Waypoint: 0:26e46920ca1a5c02b3ef1e1b61812acb61243ceec7812a9eeae428b39fb008b1
	ChainId: testing
	REST API endpoint: http://0.0.0.0:8080
	Metrics endpoint: http://0.0.0.0:9101/metrics
	Aptosnet fullnode network endpoint: /ip4/0.0.0.0/tcp/6181

Aptos is running, press ctrl-c to exit

warning: unused imports: `Context`, `anyhow`
 --> aptos-move/framework/src/docgen.rs:4:14
  |
4 | use anyhow::{anyhow, Context, Ok};
  |              ^^^^^^  ^^^^^^^
  |
  = note: `#[warn(unused_imports)]` on by default

warning: unused imports: `ColorChoice`, `StandardStream`, `diagnostic::Severity`
 --> aptos-move/framework/src/docgen.rs:6:5
  |
6 |     diagnostic::Severity,
  |     ^^^^^^^^^^^^^^^^^^^^
7 |     term::termcolor::{ColorChoice, StandardStream},
  |                       ^^^^^^^^^^^  ^^^^^^^^^^^^^^

warning: unused imports: `path::PathBuf`, `sync::Mutex`
  --> aptos-move/framework/src/docgen.rs:10:11
   |
10 | use std::{path::PathBuf, sync::Mutex};
   |           ^^^^^^^^^^^^^  ^^^^^^^^^^^

warning: `aptos-framework` (lib) generated 3 warnings (run `cargo fix --lib -p aptos-framework` to apply 3 suggestions)
warning: unused variable: `error_type`
  --> aptos-move/aptos-vm/src/testing.rs:11:42
   |
11 | pub(crate) fn maybe_raise_injected_error(error_type: InjectedError) -> VMResult<()> {
   |                                          ^^^^^^^^^^ help: if this is intentional, prefix it with an underscore: `_error_type`
   |
   = note: `#[warn(unused_variables)]` on by default

warning: `aptos-vm` (lib) generated 1 warning (run `cargo fix --lib -p aptos-vm` to apply 1 suggestion)
warning: `aptos-framework` (lib) generated 3 warnings (3 duplicates)
    Finished dev [unoptimized + debuginfo] target(s) in 1.81s
     Running `target/debug/aptos-node --test --test-dir /tmp/91052cf73babb97e93ccce8cc2c88b61 --config /tmp/91052cf73babb97e93ccce8cc2c88b61/0/node.yaml`
WARNING: Entering test mode! This should never be used in production!
Identified node type (Validator) and chain ID (testing) from node config!
Completed generating configuration:
	Used user-provided config from path: "/tmp/91052cf73babb97e93ccce8cc2c88b61/0/node.yaml"
	Log file: "/tmp/91052cf73babb97e93ccce8cc2c88b61/validator.log"
	Test dir: "/tmp/91052cf73babb97e93ccce8cc2c88b61"
	Aptos root key path: "/tmp/91052cf73babb97e93ccce8cc2c88b61/mint.key"
	Waypoint: 0:c1a9633c042ef2ad6e462920401ebc181fbfa0ff07099ae3fc6bd3339269ff0b
	ChainId: testing
	REST API endpoint: http://0.0.0.0:8080
	Metrics endpoint: http://0.0.0.0:9101/metrics
	Aptosnet fullnode network endpoint: /ip4/0.0.0.0/tcp/6181

Aptos is running, press ctrl-c to exit

warning: unused imports: `Context`, `anyhow`
 --> aptos-move/framework/src/docgen.rs:4:14
  |
4 | use anyhow::{anyhow, Context, Ok};
  |              ^^^^^^  ^^^^^^^
  |
  = note: `#[warn(unused_imports)]` on by default

warning: unused imports: `ColorChoice`, `StandardStream`, `diagnostic::Severity`
 --> aptos-move/framework/src/docgen.rs:6:5
  |
6 |     diagnostic::Severity,
  |     ^^^^^^^^^^^^^^^^^^^^
7 |     term::termcolor::{ColorChoice, StandardStream},
  |                       ^^^^^^^^^^^  ^^^^^^^^^^^^^^

warning: unused imports: `path::PathBuf`, `sync::Mutex`
  --> aptos-move/framework/src/docgen.rs:10:11
   |
10 | use std::{path::PathBuf, sync::Mutex};
   |           ^^^^^^^^^^^^^  ^^^^^^^^^^^

warning: `aptos-framework` (lib) generated 3 warnings (run `cargo fix --lib -p aptos-framework` to apply 3 suggestions)
warning: unused variable: `error_type`
  --> aptos-move/aptos-vm/src/testing.rs:11:42
   |
11 | pub(crate) fn maybe_raise_injected_error(error_type: InjectedError) -> VMResult<()> {
   |                                          ^^^^^^^^^^ help: if this is intentional, prefix it with an underscore: `_error_type`
   |
   = note: `#[warn(unused_variables)]` on by default

warning: `aptos-vm` (lib) generated 1 warning (run `cargo fix --lib -p aptos-vm` to apply 1 suggestion)
warning: `aptos-framework` (lib) generated 3 warnings (3 duplicates)
    Finished dev [unoptimized + debuginfo] target(s) in 2.39s
     Running `target/debug/aptos-node --test --test-dir /tmp/13041ba6bdcf0ee8e1b14d1dc5a665f0 --config /tmp/13041ba6bdcf0ee8e1b14d1dc5a665f0/0/node.yaml`
WARNING: Entering test mode! This should never be used in production!
Identified node type (Validator) and chain ID (testing) from node config!
Completed generating configuration:
	Used user-provided config from path: "/tmp/13041ba6bdcf0ee8e1b14d1dc5a665f0/0/node.yaml"
	Log file: "/tmp/13041ba6bdcf0ee8e1b14d1dc5a665f0/validator.log"
	Test dir: "/tmp/13041ba6bdcf0ee8e1b14d1dc5a665f0"
	Aptos root key path: "/tmp/13041ba6bdcf0ee8e1b14d1dc5a665f0/mint.key"
	Waypoint: 0:d84da8a906e7364f1625de0c7fec2e08ead682d255948bedec1b6ae21d4cc5c2
	ChainId: testing
	REST API endpoint: http://0.0.0.0:8080
	Metrics endpoint: http://0.0.0.0:9101/metrics
	Aptosnet fullnode network endpoint: /ip4/0.0.0.0/tcp/6181

Aptos is running, press ctrl-c to exit

warning: unused imports: `Context`, `anyhow`
 --> aptos-move/framework/src/docgen.rs:4:14
  |
4 | use anyhow::{anyhow, Context, Ok};
  |              ^^^^^^  ^^^^^^^
  |
  = note: `#[warn(unused_imports)]` on by default

warning: unused imports: `ColorChoice`, `StandardStream`, `diagnostic::Severity`
 --> aptos-move/framework/src/docgen.rs:6:5
  |
6 |     diagnostic::Severity,
  |     ^^^^^^^^^^^^^^^^^^^^
7 |     term::termcolor::{ColorChoice, StandardStream},
  |                       ^^^^^^^^^^^  ^^^^^^^^^^^^^^

warning: unused imports: `path::PathBuf`, `sync::Mutex`
  --> aptos-move/framework/src/docgen.rs:10:11
   |
10 | use std::{path::PathBuf, sync::Mutex};
   |           ^^^^^^^^^^^^^  ^^^^^^^^^^^

warning: `aptos-framework` (lib) generated 3 warnings (run `cargo fix --lib -p aptos-framework` to apply 3 suggestions)
warning: unused variable: `error_type`
  --> aptos-move/aptos-vm/src/testing.rs:11:42
   |
11 | pub(crate) fn maybe_raise_injected_error(error_type: InjectedError) -> VMResult<()> {
   |                                          ^^^^^^^^^^ help: if this is intentional, prefix it with an underscore: `_error_type`
   |
   = note: `#[warn(unused_variables)]` on by default

warning: `aptos-vm` (lib) generated 1 warning (run `cargo fix --lib -p aptos-vm` to apply 1 suggestion)
warning: `aptos-framework` (lib) generated 3 warnings (3 duplicates)
    Finished dev [unoptimized + debuginfo] target(s) in 1.66s
     Running `target/debug/aptos-node --test --test-dir /tmp/fcd3180022cbbcf2f340ce88eb759972 --config /tmp/fcd3180022cbbcf2f340ce88eb759972/0/node.yaml`
WARNING: Entering test mode! This should never be used in production!
Identified node type (Validator) and chain ID (testing) from node config!
Completed generating configuration:
	Used user-provided config from path: "/tmp/fcd3180022cbbcf2f340ce88eb759972/0/node.yaml"
	Log file: "/tmp/fcd3180022cbbcf2f340ce88eb759972/validator.log"
	Test dir: "/tmp/fcd3180022cbbcf2f340ce88eb759972"
	Aptos root key path: "/tmp/fcd3180022cbbcf2f340ce88eb759972/mint.key"
	Waypoint: 0:3f7d25223a26dd5b43227464da9e5ba69d6e57cc3c89c176c8ce06444ac223ca
	ChainId: testing
	REST API endpoint: http://0.0.0.0:8080
	Metrics endpoint: http://0.0.0.0:9101/metrics
	Aptosnet fullnode network endpoint: /ip4/0.0.0.0/tcp/6181

Aptos is running, press ctrl-c to exit

warning: unused imports: `Context`, `anyhow`
 --> aptos-move/framework/src/docgen.rs:4:14
  |
4 | use anyhow::{anyhow, Context, Ok};
  |              ^^^^^^  ^^^^^^^
  |
  = note: `#[warn(unused_imports)]` on by default

warning: unused imports: `ColorChoice`, `StandardStream`, `diagnostic::Severity`
 --> aptos-move/framework/src/docgen.rs:6:5
  |
6 |     diagnostic::Severity,
  |     ^^^^^^^^^^^^^^^^^^^^
7 |     term::termcolor::{ColorChoice, StandardStream},
  |                       ^^^^^^^^^^^  ^^^^^^^^^^^^^^

warning: unused imports: `path::PathBuf`, `sync::Mutex`
  --> aptos-move/framework/src/docgen.rs:10:11
   |
10 | use std::{path::PathBuf, sync::Mutex};
   |           ^^^^^^^^^^^^^  ^^^^^^^^^^^

warning: `aptos-framework` (lib) generated 3 warnings (run `cargo fix --lib -p aptos-framework` to apply 3 suggestions)
warning: unused variable: `error_type`
  --> aptos-move/aptos-vm/src/testing.rs:11:42
   |
11 | pub(crate) fn maybe_raise_injected_error(error_type: InjectedError) -> VMResult<()> {
   |                                          ^^^^^^^^^^ help: if this is intentional, prefix it with an underscore: `_error_type`
   |
   = note: `#[warn(unused_variables)]` on by default

warning: `aptos-vm` (lib) generated 1 warning (run `cargo fix --lib -p aptos-vm` to apply 1 suggestion)
warning: `aptos-framework` (lib) generated 3 warnings (3 duplicates)
    Finished dev [unoptimized + debuginfo] target(s) in 1.45s
     Running `target/debug/aptos-node --test --test-dir /tmp/8299154ca52854e20683eac817af3c35 --config /tmp/8299154ca52854e20683eac817af3c35/0/node.yaml`
WARNING: Entering test mode! This should never be used in production!
Identified node type (Validator) and chain ID (testing) from node config!
Completed generating configuration:
	Used user-provided config from path: "/tmp/8299154ca52854e20683eac817af3c35/0/node.yaml"
	Log file: "/tmp/8299154ca52854e20683eac817af3c35/validator.log"
	Test dir: "/tmp/8299154ca52854e20683eac817af3c35"
	Aptos root key path: "/tmp/8299154ca52854e20683eac817af3c35/mint.key"
	Waypoint: 0:54cddfaf5e2cdeecd87a879e8c7276ef2774f306290065e92bb22a1c35c6db9a
	ChainId: testing
	REST API endpoint: http://0.0.0.0:8080
	Metrics endpoint: http://0.0.0.0:9101/metrics
	Aptosnet fullnode network endpoint: /ip4/0.0.0.0/tcp/6181

Aptos is running, press ctrl-c to exit

warning: unused imports: `Context`, `anyhow`
 --> aptos-move/framework/src/docgen.rs:4:14
  |
4 | use anyhow::{anyhow, Context, Ok};
  |              ^^^^^^  ^^^^^^^
  |
  = note: `#[warn(unused_imports)]` on by default

warning: unused imports: `ColorChoice`, `StandardStream`, `diagnostic::Severity`
 --> aptos-move/framework/src/docgen.rs:6:5
  |
6 |     diagnostic::Severity,
  |     ^^^^^^^^^^^^^^^^^^^^
7 |     term::termcolor::{ColorChoice, StandardStream},
  |                       ^^^^^^^^^^^  ^^^^^^^^^^^^^^

warning: unused imports: `path::PathBuf`, `sync::Mutex`
  --> aptos-move/framework/src/docgen.rs:10:11
   |
10 | use std::{path::PathBuf, sync::Mutex};
   |           ^^^^^^^^^^^^^  ^^^^^^^^^^^

warning: `aptos-framework` (lib) generated 3 warnings (run `cargo fix --lib -p aptos-framework` to apply 3 suggestions)
warning: unused variable: `error_type`
  --> aptos-move/aptos-vm/src/testing.rs:11:42
   |
11 | pub(crate) fn maybe_raise_injected_error(error_type: InjectedError) -> VMResult<()> {
   |                                          ^^^^^^^^^^ help: if this is intentional, prefix it with an underscore: `_error_type`
   |
   = note: `#[warn(unused_variables)]` on by default

warning: `aptos-vm` (lib) generated 1 warning (run `cargo fix --lib -p aptos-vm` to apply 1 suggestion)
warning: `aptos-framework` (lib) generated 3 warnings (3 duplicates)
    Finished dev [unoptimized + debuginfo] target(s) in 2.49s
     Running `target/debug/aptos-node --test --test-dir /tmp/212f116a246912d0c8ff292c69634b56 --config /tmp/212f116a246912d0c8ff292c69634b56/0/node.yaml`
WARNING: Entering test mode! This should never be used in production!
Identified node type (Validator) and chain ID (testing) from node config!
Completed generating configuration:
	Used user-provided config from path: "/tmp/212f116a246912d0c8ff292c69634b56/0/node.yaml"
	Log file: "/tmp/212f116a246912d0c8ff292c69634b56/validator.log"
	Test dir: "/tmp/212f116a246912d0c8ff292c69634b56"
	Aptos root key path: "/tmp/212f116a246912d0c8ff292c69634b56/mint.key"
	Waypoint: 0:9c2ea5780ef061e9944de6c889d43a663e0cc041601c895eb9163b45debe90d4
	ChainId: testing
	REST API endpoint: http://0.0.0.0:8080
	Metrics endpoint: http://0.0.0.0:9101/metrics
	Aptosnet fullnode network endpoint: /ip4/0.0.0.0/tcp/6181

Aptos is running, press ctrl-c to exit

